<?xml version="1.0" encoding="UTF-8"?>
<testng-results skipped="0" failed="0" ignored="0" total="4" passed="4">
  <reporter-output>
  </reporter-output>
  <suite name="Default suite" duration-ms="87196" started-at="2019-03-28T13:21:06Z" finished-at="2019-03-28T13:22:33Z">
    <groups>
    </groups>
    <test name="Default test" duration-ms="87196" started-at="2019-03-28T13:21:06Z" finished-at="2019-03-28T13:22:33Z">
      <class name="com.crm.qa.testcases.ContactsPageTest">
        <test-method status="PASS" signature="setUp()[pri:0, instance:com.crm.qa.testcases.ContactsPageTest@43814d18]" name="setUp" is-config="true" duration-ms="16011" started-at="2019-03-28T13:21:06Z" finished-at="2019-03-28T13:21:22Z">
          <reporter-output>
          </reporter-output>
        </test-method> <!-- setUp -->
        <test-method status="PASS" signature="verifyContactsPageLabel()[pri:1, instance:com.crm.qa.testcases.ContactsPageTest@43814d18]" name="verifyContactsPageLabel" duration-ms="11796" started-at="2019-03-28T13:21:22Z" finished-at="2019-03-28T13:21:33Z">
          <reporter-output>
          </reporter-output>
        </test-method> <!-- verifyContactsPageLabel -->
        <test-method status="PASS" signature="tearDown()[pri:0, instance:com.crm.qa.testcases.ContactsPageTest@43814d18]" name="tearDown" is-config="true" duration-ms="900" started-at="2019-03-28T13:21:33Z" finished-at="2019-03-28T13:21:34Z">
          <reporter-output>
          </reporter-output>
        </test-method> <!-- tearDown -->
        <test-method status="PASS" signature="setUp()[pri:0, instance:com.crm.qa.testcases.ContactsPageTest@43814d18]" name="setUp" is-config="true" duration-ms="12513" started-at="2019-03-28T13:21:36Z" finished-at="2019-03-28T13:21:49Z">
          <reporter-output>
          </reporter-output>
        </test-method> <!-- setUp -->
        <test-method status="PASS" signature="validateCreateNewContact(java.lang.String, java.lang.String, java.lang.String)[pri:2, instance:com.crm.qa.testcases.ContactsPageTest@43814d18]" name="validateCreateNewContact" duration-ms="4589" started-at="2019-03-28T13:21:49Z" data-provider="getExcelTestData" finished-at="2019-03-28T13:21:54Z">
          <params>
            <param index="0">
              <value>
                <![CDATA[pathan]]>
              </value>
            </param>
            <param index="1">
              <value>
                <![CDATA[r]]>
              </value>
            </param>
            <param index="2">
              <value>
                <![CDATA[innovapath]]>
              </value>
            </param>
          </params>
          <reporter-output>
          </reporter-output>
        </test-method> <!-- validateCreateNewContact -->
        <test-method status="PASS" signature="tearDown()[pri:0, instance:com.crm.qa.testcases.ContactsPageTest@43814d18]" name="tearDown" is-config="true" duration-ms="1155" started-at="2019-03-28T13:21:54Z" finished-at="2019-03-28T13:21:55Z">
          <reporter-output>
          </reporter-output>
        </test-method> <!-- tearDown -->
        <test-method status="PASS" signature="setUp()[pri:0, instance:com.crm.qa.testcases.ContactsPageTest@43814d18]" name="setUp" is-config="true" duration-ms="16785" started-at="2019-03-28T13:21:55Z" finished-at="2019-03-28T13:22:11Z">
          <reporter-output>
          </reporter-output>
        </test-method> <!-- setUp -->
        <test-method status="PASS" signature="validateCreateNewContact(java.lang.String, java.lang.String, java.lang.String)[pri:2, instance:com.crm.qa.testcases.ContactsPageTest@43814d18]" name="validateCreateNewContact" duration-ms="4155" started-at="2019-03-28T13:22:11Z" data-provider="getExcelTestData" finished-at="2019-03-28T13:22:16Z">
          <params>
            <param index="0">
              <value>
                <![CDATA[bhargav]]>
              </value>
            </param>
            <param index="1">
              <value>
                <![CDATA[k]]>
              </value>
            </param>
            <param index="2">
              <value>
                <![CDATA[innovapath]]>
              </value>
            </param>
          </params>
          <reporter-output>
          </reporter-output>
        </test-method> <!-- validateCreateNewContact -->
        <test-method status="PASS" signature="tearDown()[pri:0, instance:com.crm.qa.testcases.ContactsPageTest@43814d18]" name="tearDown" is-config="true" duration-ms="920" started-at="2019-03-28T13:22:16Z" finished-at="2019-03-28T13:22:17Z">
          <reporter-output>
          </reporter-output>
        </test-method> <!-- tearDown -->
        <test-method status="PASS" signature="setUp()[pri:0, instance:com.crm.qa.testcases.ContactsPageTest@43814d18]" name="setUp" is-config="true" duration-ms="11871" started-at="2019-03-28T13:22:17Z" finished-at="2019-03-28T13:22:28Z">
          <reporter-output>
          </reporter-output>
        </test-method> <!-- setUp -->
        <test-method status="PASS" signature="validateCreateNewContact(java.lang.String, java.lang.String, java.lang.String)[pri:2, instance:com.crm.qa.testcases.ContactsPageTest@43814d18]" name="validateCreateNewContact" duration-ms="3480" started-at="2019-03-28T13:22:28Z" data-provider="getExcelTestData" finished-at="2019-03-28T13:22:32Z">
          <params>
            <param index="0">
              <value>
                <![CDATA[satwik]]>
              </value>
            </param>
            <param index="1">
              <value>
                <![CDATA[k]]>
              </value>
            </param>
            <param index="2">
              <value>
                <![CDATA[innovapath]]>
              </value>
            </param>
          </params>
          <reporter-output>
          </reporter-output>
        </test-method> <!-- validateCreateNewContact -->
        <test-method status="PASS" signature="tearDown()[pri:0, instance:com.crm.qa.testcases.ContactsPageTest@43814d18]" name="tearDown" is-config="true" duration-ms="877" started-at="2019-03-28T13:22:32Z" finished-at="2019-03-28T13:22:33Z">
          <reporter-output>
          </reporter-output>
        </test-method> <!-- tearDown -->
      </class> <!-- com.crm.qa.testcases.ContactsPageTest -->
    </test> <!-- Default test -->
  </suite> <!-- Default suite -->
</testng-results>
