<?xml version="1.0" encoding="UTF-8"?>
<testng-results skipped="0" failed="0" ignored="0" total="4" passed="4">
  <reporter-output>
  </reporter-output>
  <suite name="Default suite" duration-ms="83943" started-at="2019-03-27T13:29:21Z" finished-at="2019-03-27T13:30:45Z">
    <groups>
    </groups>
    <test name="Default test" duration-ms="83943" started-at="2019-03-27T13:29:21Z" finished-at="2019-03-27T13:30:45Z">
      <class name="com.crm.qa.testcases.ContactsPageTest">
        <test-method status="PASS" signature="setUp()[pri:0, instance:com.crm.qa.testcases.ContactsPageTest@14bf9759]" name="setUp" is-config="true" duration-ms="12836" started-at="2019-03-27T13:29:21Z" finished-at="2019-03-27T13:29:34Z">
          <reporter-output>
          </reporter-output>
        </test-method> <!-- setUp -->
        <test-method status="PASS" signature="verifyContactsPageLabel()[pri:1, instance:com.crm.qa.testcases.ContactsPageTest@14bf9759]" name="verifyContactsPageLabel" duration-ms="4187" started-at="2019-03-27T13:29:34Z" finished-at="2019-03-27T13:29:38Z">
          <reporter-output>
          </reporter-output>
        </test-method> <!-- verifyContactsPageLabel -->
        <test-method status="PASS" signature="tearDown()[pri:0, instance:com.crm.qa.testcases.ContactsPageTest@14bf9759]" name="tearDown" is-config="true" duration-ms="680" started-at="2019-03-27T13:29:38Z" finished-at="2019-03-27T13:29:39Z">
          <reporter-output>
          </reporter-output>
        </test-method> <!-- tearDown -->
        <test-method status="PASS" signature="setUp()[pri:0, instance:com.crm.qa.testcases.ContactsPageTest@14bf9759]" name="setUp" is-config="true" duration-ms="19055" started-at="2019-03-27T13:29:40Z" finished-at="2019-03-27T13:29:59Z">
          <reporter-output>
          </reporter-output>
        </test-method> <!-- setUp -->
        <test-method status="PASS" signature="validateCreateNewContact(java.lang.String, java.lang.String, java.lang.String)[pri:2, instance:com.crm.qa.testcases.ContactsPageTest@14bf9759]" name="validateCreateNewContact" duration-ms="4101" started-at="2019-03-27T13:29:59Z" data-provider="getExcelTestData" finished-at="2019-03-27T13:30:03Z">
          <params>
            <param index="0">
              <value>
                <![CDATA[pathan]]>
              </value>
            </param>
            <param index="1">
              <value>
                <![CDATA[r]]>
              </value>
            </param>
            <param index="2">
              <value>
                <![CDATA[innovapath]]>
              </value>
            </param>
          </params>
          <reporter-output>
          </reporter-output>
        </test-method> <!-- validateCreateNewContact -->
        <test-method status="PASS" signature="tearDown()[pri:0, instance:com.crm.qa.testcases.ContactsPageTest@14bf9759]" name="tearDown" is-config="true" duration-ms="734" started-at="2019-03-27T13:30:03Z" finished-at="2019-03-27T13:30:04Z">
          <reporter-output>
          </reporter-output>
        </test-method> <!-- tearDown -->
        <test-method status="PASS" signature="setUp()[pri:0, instance:com.crm.qa.testcases.ContactsPageTest@14bf9759]" name="setUp" is-config="true" duration-ms="18576" started-at="2019-03-27T13:30:04Z" finished-at="2019-03-27T13:30:22Z">
          <reporter-output>
          </reporter-output>
        </test-method> <!-- setUp -->
        <test-method status="PASS" signature="validateCreateNewContact(java.lang.String, java.lang.String, java.lang.String)[pri:2, instance:com.crm.qa.testcases.ContactsPageTest@14bf9759]" name="validateCreateNewContact" duration-ms="4093" started-at="2019-03-27T13:30:22Z" data-provider="getExcelTestData" finished-at="2019-03-27T13:30:26Z">
          <params>
            <param index="0">
              <value>
                <![CDATA[bhargav]]>
              </value>
            </param>
            <param index="1">
              <value>
                <![CDATA[k]]>
              </value>
            </param>
            <param index="2">
              <value>
                <![CDATA[innovapath]]>
              </value>
            </param>
          </params>
          <reporter-output>
          </reporter-output>
        </test-method> <!-- validateCreateNewContact -->
        <test-method status="PASS" signature="tearDown()[pri:0, instance:com.crm.qa.testcases.ContactsPageTest@14bf9759]" name="tearDown" is-config="true" duration-ms="718" started-at="2019-03-27T13:30:26Z" finished-at="2019-03-27T13:30:27Z">
          <reporter-output>
          </reporter-output>
        </test-method> <!-- tearDown -->
        <test-method status="PASS" signature="setUp()[pri:0, instance:com.crm.qa.testcases.ContactsPageTest@14bf9759]" name="setUp" is-config="true" duration-ms="12308" started-at="2019-03-27T13:30:27Z" finished-at="2019-03-27T13:30:39Z">
          <reporter-output>
          </reporter-output>
        </test-method> <!-- setUp -->
        <test-method status="PASS" signature="validateCreateNewContact(java.lang.String, java.lang.String, java.lang.String)[pri:2, instance:com.crm.qa.testcases.ContactsPageTest@14bf9759]" name="validateCreateNewContact" duration-ms="3825" started-at="2019-03-27T13:30:39Z" data-provider="getExcelTestData" finished-at="2019-03-27T13:30:43Z">
          <params>
            <param index="0">
              <value>
                <![CDATA[satwik]]>
              </value>
            </param>
            <param index="1">
              <value>
                <![CDATA[k]]>
              </value>
            </param>
            <param index="2">
              <value>
                <![CDATA[innovapath]]>
              </value>
            </param>
          </params>
          <reporter-output>
          </reporter-output>
        </test-method> <!-- validateCreateNewContact -->
        <test-method status="PASS" signature="tearDown()[pri:0, instance:com.crm.qa.testcases.ContactsPageTest@14bf9759]" name="tearDown" is-config="true" duration-ms="1402" started-at="2019-03-27T13:30:43Z" finished-at="2019-03-27T13:30:45Z">
          <reporter-output>
          </reporter-output>
        </test-method> <!-- tearDown -->
      </class> <!-- com.crm.qa.testcases.ContactsPageTest -->
    </test> <!-- Default test -->
  </suite> <!-- Default suite -->
</testng-results>
