<?xml version="1.0" encoding="UTF-8"?>
<!-- Generated by org.testng.reporters.JUnitXMLReporter -->
<testsuite hostname="DESKTOP-PGBPAJ1" ignored="0" name="Default test" tests="4" failures="0" timestamp="28 Mar 2019 13:22:33 GMT" time="87.196" errors="0">
  <testcase name="verifyContactsPageLabel" time="11.796" classname="com.crm.qa.testcases.ContactsPageTest"/>
  <testcase name="validateCreateNewContact" time="4.589" classname="com.crm.qa.testcases.ContactsPageTest"/>
  <testcase name="validateCreateNewContact" time="4.155" classname="com.crm.qa.testcases.ContactsPageTest"/>
  <testcase name="validateCreateNewContact" time="3.48" classname="com.crm.qa.testcases.ContactsPageTest"/>
</testsuite> <!-- Default test -->
