<?xml version="1.0" encoding="UTF-8"?>
<!-- Generated by org.testng.reporters.JUnitXMLReporter -->
<testsuite hostname="DESKTOP-PGBPAJ1" ignored="0" name="Default test" tests="4" failures="0" timestamp="27 Mar 2019 13:30:45 GMT" time="83.943" errors="0">
  <testcase name="verifyContactsPageLabel" time="4.187" classname="com.crm.qa.testcases.ContactsPageTest"/>
  <testcase name="validateCreateNewContact" time="4.101" classname="com.crm.qa.testcases.ContactsPageTest"/>
  <testcase name="validateCreateNewContact" time="4.093" classname="com.crm.qa.testcases.ContactsPageTest"/>
  <testcase name="validateCreateNewContact" time="3.825" classname="com.crm.qa.testcases.ContactsPageTest"/>
</testsuite> <!-- Default test -->
